current directory: /home/pi/Desktop/university_of_michigan_stewart_wang_site/.rpi_bundle/ruby/2.3.0/gems/mysql2-0.4.5/ext/mysql2
/usr/bin/ruby2.3 -r ./siteconf20170929-27230-1s01er6.rb extconf.rb
checking for rb_absint_size()... yes
checking for rb_absint_singlebit_p()... yes
checking for ruby/thread.h... yes
checking for rb_thread_call_without_gvl() in ruby/thread.h... yes
checking for rb_thread_blocking_region()... no
checking for rb_wait_for_single_fd()... yes
checking for rb_hash_dup()... yes
checking for rb_intern3()... yes
checking for rb_big_cmp()... yes
-----
Using mysql_config at /usr/bin/mysql_config
-----
checking for mysql.h... yes
checking for SSL_MODE_DISABLED in mysql.h... no
checking for MYSQL_OPT_SSL_ENFORCE in mysql.h... no
checking for errmsg.h... yes
checking for mysqld_error.h... yes
-----
Setting rpath to /usr/lib/arm-linux-gnueabihf
-----
creating Makefile

To see why this extension failed to compile, please check the mkmf.log which can be found here:

  /home/pi/Desktop/university_of_michigan_stewart_wang_site/.rpi_bundle/ruby/2.3.0/extensions/arm-linux/2.3.0/mysql2-0.4.5/mkmf.log

current directory: /home/pi/Desktop/university_of_michigan_stewart_wang_site/.rpi_bundle/ruby/2.3.0/gems/mysql2-0.4.5/ext/mysql2
make "DESTDIR=" clean

current directory: /home/pi/Desktop/university_of_michigan_stewart_wang_site/.rpi_bundle/ruby/2.3.0/gems/mysql2-0.4.5/ext/mysql2
make "DESTDIR="
compiling client.c
compiling infile.c
compiling mysql2_ext.c
compiling result.c
compiling statement.c
linking shared-object mysql2/mysql2.so

current directory: /home/pi/Desktop/university_of_michigan_stewart_wang_site/.rpi_bundle/ruby/2.3.0/gems/mysql2-0.4.5/ext/mysql2
make "DESTDIR=" install
/usr/bin/install -c -m 0755 mysql2.so ./.gem.20170929-27230-6wwn01/mysql2
