current directory: /home/pi/Desktop/university_of_michigan_stewart_wang_site/.rpi_bundle/ruby/2.3.0/gems/ffi-1.9.16/ext/ffi_c
/usr/bin/ruby2.3 -r ./siteconf20170929-27230-88p86a.rb extconf.rb
checking for ffi.h... no
checking for ffi.h in /usr/local/include,/usr/include/ffi... no
checking for rb_thread_blocking_region()... no
checking for rb_thread_call_with_gvl()... yes
checking for rb_thread_call_without_gvl()... yes
checking for ffi_prep_cif_var()... no
creating extconf.h
creating Makefile

To see why this extension failed to compile, please check the mkmf.log which can be found here:

  /home/pi/Desktop/university_of_michigan_stewart_wang_site/.rpi_bundle/ruby/2.3.0/extensions/arm-linux/2.3.0/ffi-1.9.16/mkmf.log

current directory: /home/pi/Desktop/university_of_michigan_stewart_wang_site/.rpi_bundle/ruby/2.3.0/gems/ffi-1.9.16/ext/ffi_c
make "DESTDIR=" clean

current directory: /home/pi/Desktop/university_of_michigan_stewart_wang_site/.rpi_bundle/ruby/2.3.0/gems/ffi-1.9.16/ext/ffi_c
make "DESTDIR="
Configuring libffi
make -C "/home/pi/Desktop/university_of_michigan_stewart_wang_site/.rpi_bundle/ruby/2.3.0/gems/ffi-1.9.16/ext/ffi_c/libffi-arm-linux-gnueabihf"
make[1]: Entering directory '/home/pi/Desktop/university_of_michigan_stewart_wang_site/.rpi_bundle/ruby/2.3.0/gems/ffi-1.9.16/ext/ffi_c/libffi-arm-linux-gnueabihf'
make "AR_FLAGS=" "CC_FOR_BUILD=" "CFLAGS=-Wall -fexceptions" "CXXFLAGS=" "CFLAGS_FOR_BUILD=" "CFLAGS_FOR_TARGET=" "INSTALL=/usr/bin/install -c" "INSTALL_DATA=/usr/bin/install -c -m 644" "INSTALL_PROGRAM=/usr/bin/install -c" "INSTALL_SCRIPT=/usr/bin/install -c" "JC1FLAGS=" "LDFLAGS=" "LIBCFLAGS=" "LIBCFLAGS_FOR_TARGET=" "MAKE=make" "MAKEINFO=/bin/bash /home/pi/Desktop/university_of_michigan_stewart_wang_site/.rpi_bundle/ruby/2.3.0/gems/ffi-1.9.16/ext/ffi_c/libffi/missing --run makeinfo " "PICFLAG=" "PICFLAG_FOR_TARGET=" "RUNTESTFLAGS=" "SHELL=/bin/bash" "exec_prefix=/usr/local" "infodir=/usr/local/share/info" "libdir=/usr/local/lib" "mandir=/usr/local/share/man" "prefix=/usr/local" "AR=ar" "AS=as" "CC=gcc" "CXX=g++" "LD=/usr/bin/ld" "NM=/usr/bin/nm -B" "RANLIB=ranlib" "DESTDIR=" all-recursive
make[2]: Entering directory '/home/pi/Desktop/university_of_michigan_stewart_wang_site/.rpi_bundle/ruby/2.3.0/gems/ffi-1.9.16/ext/ffi_c/libffi-arm-linux-gnueabihf'
Making all in include
make[3]: Entering directory '/home/pi/Desktop/university_of_michigan_stewart_wang_site/.rpi_bundle/ruby/2.3.0/gems/ffi-1.9.16/ext/ffi_c/libffi-arm-linux-gnueabihf/include'
make[3]: Nothing to be done for 'all'.
make[3]: Leaving directory '/home/pi/Desktop/university_of_michigan_stewart_wang_site/.rpi_bundle/ruby/2.3.0/gems/ffi-1.9.16/ext/ffi_c/libffi-arm-linux-gnueabihf/include'
Making all in testsuite
make[3]: Entering directory '/home/pi/Desktop/university_of_michigan_stewart_wang_site/.rpi_bundle/ruby/2.3.0/gems/ffi-1.9.16/ext/ffi_c/libffi-arm-linux-gnueabihf/testsuite'
make[3]: Nothing to be done for 'all'.
make[3]: Leaving directory '/home/pi/Desktop/university_of_michigan_stewart_wang_site/.rpi_bundle/ruby/2.3.0/gems/ffi-1.9.16/ext/ffi_c/libffi-arm-linux-gnueabihf/testsuite'
Making all in man
make[3]: Entering directory '/home/pi/Desktop/university_of_michigan_stewart_wang_site/.rpi_bundle/ruby/2.3.0/gems/ffi-1.9.16/ext/ffi_c/libffi-arm-linux-gnueabihf/man'
make[3]: Nothing to be done for 'all'.
make[3]: Leaving directory '/home/pi/Desktop/university_of_michigan_stewart_wang_site/.rpi_bundle/ruby/2.3.0/gems/ffi-1.9.16/ext/ffi_c/libffi-arm-linux-gnueabihf/man'
make[3]: Entering directory '/home/pi/Desktop/university_of_michigan_stewart_wang_site/.rpi_bundle/ruby/2.3.0/gems/ffi-1.9.16/ext/ffi_c/libffi-arm-linux-gnueabihf'
restore=: && backupdir=".am$$" && \
am__cwd=`pwd` && CDPATH="${ZSH_VERSION+.}:" && cd /home/pi/Desktop/university_of_michigan_stewart_wang_site/.rpi_bundle/ruby/2.3.0/gems/ffi-1.9.16/ext/ffi_c/libffi && \
rm -rf $backupdir && mkdir $backupdir && \
if (/bin/bash /home/pi/Desktop/university_of_michigan_stewart_wang_site/.rpi_bundle/ruby/2.3.0/gems/ffi-1.9.16/ext/ffi_c/libffi/missing --run makeinfo   --version) >/dev/null 2>&1; then \
  for f in /home/pi/Desktop/university_of_michigan_stewart_wang_site/.rpi_bundle/ruby/2.3.0/gems/ffi-1.9.16/ext/ffi_c/libffi/doc/libffi.info /home/pi/Desktop/university_of_michigan_stewart_wang_site/.rpi_bundle/ruby/2.3.0/gems/ffi-1.9.16/ext/ffi_c/libffi/doc/libffi.info-[0-9] /home/pi/Desktop/university_of_michigan_stewart_wang_site/.rpi_bundle/ruby/2.3.0/gems/ffi-1.9.16/ext/ffi_c/libffi/doc/libffi.info-[0-9][0-9] /home/pi/Desktop/university_of_michigan_stewart_wang_site/.rpi_bundle/ruby/2.3.0/gems/ffi-1.9.16/ext/ffi_c/libffi/doc/libffi.i[0-9] /home/pi/Desktop/university_of_michigan_stewart_wang_site/.rpi_bundle/ruby/2.3.0/gems/ffi-1.9.16/ext/ffi_c/libffi/doc/libffi.i[0-9][0-9]; do \
    if test -f $f; then mv $f $backupdir; restore=mv; else :; fi; \
  done; \
else :; fi && \
cd "$am__cwd"; \
if /bin/bash /home/pi/Desktop/university_of_michigan_stewart_wang_site/.rpi_bundle/ruby/2.3.0/gems/ffi-1.9.16/ext/ffi_c/libffi/missing --run makeinfo     -I doc -I /home/pi/Desktop/university_of_michigan_stewart_wang_site/.rpi_bundle/ruby/2.3.0/gems/ffi-1.9.16/ext/ffi_c/libffi/doc \
 -o /home/pi/Desktop/university_of_michigan_stewart_wang_site/.rpi_bundle/ruby/2.3.0/gems/ffi-1.9.16/ext/ffi_c/libffi/doc/libffi.info /home/pi/Desktop/university_of_michigan_stewart_wang_site/.rpi_bundle/ruby/2.3.0/gems/ffi-1.9.16/ext/ffi_c/libffi/doc/libffi.texi; \
then \
  rc=0; \
  CDPATH="${ZSH_VERSION+.}:" && cd /home/pi/Desktop/university_of_michigan_stewart_wang_site/.rpi_bundle/ruby/2.3.0/gems/ffi-1.9.16/ext/ffi_c/libffi; \
else \
  rc=$?; \
  CDPATH="${ZSH_VERSION+.}:" && cd /home/pi/Desktop/university_of_michigan_stewart_wang_site/.rpi_bundle/ruby/2.3.0/gems/ffi-1.9.16/ext/ffi_c/libffi && \
  $restore $backupdir/* `echo ".//home/pi/Desktop/university_of_michigan_stewart_wang_site/.rpi_bundle/ruby/2.3.0/gems/ffi-1.9.16/ext/ffi_c/libffi/doc/libffi.info" | sed 's|[^/]*$||'`; \
fi; \
rm -rf $backupdir; exit $rc
/home/pi/Desktop/university_of_michigan_stewart_wang_site/.rpi_bundle/ruby/2.3.0/gems/ffi-1.9.16/ext/ffi_c/libffi/missing: line 52: makeinfo: command not found
WARNING: `makeinfo' is missing on your system.  You should only need it if
         you modified a `.texi' or `.texinfo' file, or any other file
         indirectly affecting the aspect of the manual.  The spurious
         call might also be the consequence of using a buggy `make' (AIX,
         DU, IRIX).  You might want to install the `Texinfo' package or
         the `GNU make' package.  Grab either from any GNU archive site.
/bin/bash ./libtool --tag=CC   --mode=compile gcc -DHAVE_CONFIG_H -I. -I/home/pi/Desktop/university_of_michigan_stewart_wang_site/.rpi_bundle/ruby/2.3.0/gems/ffi-1.9.16/ext/ffi_c/libffi  -I. -I/home/pi/Desktop/university_of_michigan_stewart_wang_site/.rpi_bundle/ruby/2.3.0/gems/ffi-1.9.16/ext/ffi_c/libffi/include -Iinclude -I/home/pi/Desktop/university_of_michigan_stewart_wang_site/.rpi_bundle/ruby/2.3.0/gems/ffi-1.9.16/ext/ffi_c/libffi/src  -g  -Wall -fexceptions -c -o src/debug.lo /home/pi/Desktop/university_of_michigan_stewart_wang_site/.rpi_bundle/ruby/2.3.0/gems/ffi-1.9.16/ext/ffi_c/libffi/src/debug.c
libtool: compile:  gcc -DHAVE_CONFIG_H -I. -I/home/pi/Desktop/university_of_michigan_stewart_wang_site/.rpi_bundle/ruby/2.3.0/gems/ffi-1.9.16/ext/ffi_c/libffi -I. -I/home/pi/Desktop/university_of_michigan_stewart_wang_site/.rpi_bundle/ruby/2.3.0/gems/ffi-1.9.16/ext/ffi_c/libffi/include -Iinclude -I/home/pi/Desktop/university_of_michigan_stewart_wang_site/.rpi_bundle/ruby/2.3.0/gems/ffi-1.9.16/ext/ffi_c/libffi/src -g -Wall -fexceptions -c /home/pi/Desktop/university_of_michigan_stewart_wang_site/.rpi_bundle/ruby/2.3.0/gems/ffi-1.9.16/ext/ffi_c/libffi/src/debug.c  -fPIC -DPIC -o src/.libs/debug.o
/bin/bash ./libtool --tag=CC   --mode=compile gcc -DHAVE_CONFIG_H -I. -I/home/pi/Desktop/university_of_michigan_stewart_wang_site/.rpi_bundle/ruby/2.3.0/gems/ffi-1.9.16/ext/ffi_c/libffi  -I. -I/home/pi/Desktop/university_of_michigan_stewart_wang_site/.rpi_bundle/ruby/2.3.0/gems/ffi-1.9.16/ext/ffi_c/libffi/include -Iinclude -I/home/pi/Desktop/university_of_michigan_stewart_wang_site/.rpi_bundle/ruby/2.3.0/gems/ffi-1.9.16/ext/ffi_c/libffi/src  -g  -Wall -fexceptions -c -o src/prep_cif.lo /home/pi/Desktop/university_of_michigan_stewart_wang_site/.rpi_bundle/ruby/2.3.0/gems/ffi-1.9.16/ext/ffi_c/libffi/src/prep_cif.c
libtool: compile:  gcc -DHAVE_CONFIG_H -I. -I/home/pi/Desktop/university_of_michigan_stewart_wang_site/.rpi_bundle/ruby/2.3.0/gems/ffi-1.9.16/ext/ffi_c/libffi -I. -I/home/pi/Desktop/university_of_michigan_stewart_wang_site/.rpi_bundle/ruby/2.3.0/gems/ffi-1.9.16/ext/ffi_c/libffi/include -Iinclude -I/home/pi/Desktop/university_of_michigan_stewart_wang_site/.rpi_bundle/ruby/2.3.0/gems/ffi-1.9.16/ext/ffi_c/libffi/src -g -Wall -fexceptions -c /home/pi/Desktop/university_of_michigan_stewart_wang_site/.rpi_bundle/ruby/2.3.0/gems/ffi-1.9.16/ext/ffi_c/libffi/src/prep_cif.c  -fPIC -DPIC -o src/.libs/prep_cif.o
/bin/bash ./libtool --tag=CC   --mode=compile gcc -DHAVE_CONFIG_H -I. -I/home/pi/Desktop/university_of_michigan_stewart_wang_site/.rpi_bundle/ruby/2.3.0/gems/ffi-1.9.16/ext/ffi_c/libffi  -I. -I/home/pi/Desktop/university_of_michigan_stewart_wang_site/.rpi_bundle/ruby/2.3.0/gems/ffi-1.9.16/ext/ffi_c/libffi/include -Iinclude -I/home/pi/Desktop/university_of_michigan_stewart_wang_site/.rpi_bundle/ruby/2.3.0/gems/ffi-1.9.16/ext/ffi_c/libffi/src  -g  -Wall -fexceptions -c -o src/types.lo /home/pi/Desktop/university_of_michigan_stewart_wang_site/.rpi_bundle/ruby/2.3.0/gems/ffi-1.9.16/ext/ffi_c/libffi/src/types.c
libtool: compile:  gcc -DHAVE_CONFIG_H -I. -I/home/pi/Desktop/university_of_michigan_stewart_wang_site/.rpi_bundle/ruby/2.3.0/gems/ffi-1.9.16/ext/ffi_c/libffi -I. -I/home/pi/Desktop/university_of_michigan_stewart_wang_site/.rpi_bundle/ruby/2.3.0/gems/ffi-1.9.16/ext/ffi_c/libffi/include -Iinclude -I/home/pi/Desktop/university_of_michigan_stewart_wang_site/.rpi_bundle/ruby/2.3.0/gems/ffi-1.9.16/ext/ffi_c/libffi/src -g -Wall -fexceptions -c /home/pi/Desktop/university_of_michigan_stewart_wang_site/.rpi_bundle/ruby/2.3.0/gems/ffi-1.9.16/ext/ffi_c/libffi/src/types.c  -fPIC -DPIC -o src/.libs/types.o
/bin/bash ./libtool --tag=CC   --mode=compile gcc -DHAVE_CONFIG_H -I. -I/home/pi/Desktop/university_of_michigan_stewart_wang_site/.rpi_bundle/ruby/2.3.0/gems/ffi-1.9.16/ext/ffi_c/libffi  -I. -I/home/pi/Desktop/university_of_michigan_stewart_wang_site/.rpi_bundle/ruby/2.3.0/gems/ffi-1.9.16/ext/ffi_c/libffi/include -Iinclude -I/home/pi/Desktop/university_of_michigan_stewart_wang_site/.rpi_bundle/ruby/2.3.0/gems/ffi-1.9.16/ext/ffi_c/libffi/src  -g  -Wall -fexceptions -c -o src/raw_api.lo /home/pi/Desktop/university_of_michigan_stewart_wang_site/.rpi_bundle/ruby/2.3.0/gems/ffi-1.9.16/ext/ffi_c/libffi/src/raw_api.c
libtool: compile:  gcc -DHAVE_CONFIG_H -I. -I/home/pi/Desktop/university_of_michigan_stewart_wang_site/.rpi_bundle/ruby/2.3.0/gems/ffi-1.9.16/ext/ffi_c/libffi -I. -I/home/pi/Desktop/university_of_michigan_stewart_wang_site/.rpi_bundle/ruby/2.3.0/gems/ffi-1.9.16/ext/ffi_c/libffi/include -Iinclude -I/home/pi/Desktop/university_of_michigan_stewart_wang_site/.rpi_bundle/ruby/2.3.0/gems/ffi-1.9.16/ext/ffi_c/libffi/src -g -Wall -fexceptions -c /home/pi/Desktop/university_of_michigan_stewart_wang_site/.rpi_bundle/ruby/2.3.0/gems/ffi-1.9.16/ext/ffi_c/libffi/src/raw_api.c  -fPIC -DPIC -o src/.libs/raw_api.o
/bin/bash ./libtool --tag=CC   --mode=compile gcc -DHAVE_CONFIG_H -I. -I/home/pi/Desktop/university_of_michigan_stewart_wang_site/.rpi_bundle/ruby/2.3.0/gems/ffi-1.9.16/ext/ffi_c/libffi  -I. -I/home/pi/Desktop/university_of_michigan_stewart_wang_site/.rpi_bundle/ruby/2.3.0/gems/ffi-1.9.16/ext/ffi_c/libffi/include -Iinclude -I/home/pi/Desktop/university_of_michigan_stewart_wang_site/.rpi_bundle/ruby/2.3.0/gems/ffi-1.9.16/ext/ffi_c/libffi/src  -g  -Wall -fexceptions -c -o src/java_raw_api.lo /home/pi/Desktop/university_of_michigan_stewart_wang_site/.rpi_bundle/ruby/2.3.0/gems/ffi-1.9.16/ext/ffi_c/libffi/src/java_raw_api.c
libtool: compile:  gcc -DHAVE_CONFIG_H -I. -I/home/pi/Desktop/university_of_michigan_stewart_wang_site/.rpi_bundle/ruby/2.3.0/gems/ffi-1.9.16/ext/ffi_c/libffi -I. -I/home/pi/Desktop/university_of_michigan_stewart_wang_site/.rpi_bundle/ruby/2.3.0/gems/ffi-1.9.16/ext/ffi_c/libffi/include -Iinclude -I/home/pi/Desktop/university_of_michigan_stewart_wang_site/.rpi_bundle/ruby/2.3.0/gems/ffi-1.9.16/ext/ffi_c/libffi/src -g -Wall -fexceptions -c /home/pi/Desktop/university_of_michigan_stewart_wang_site/.rpi_bundle/ruby/2.3.0/gems/ffi-1.9.16/ext/ffi_c/libffi/src/java_raw_api.c  -fPIC -DPIC -o src/.libs/java_raw_api.o
/bin/bash ./libtool --tag=CC   --mode=compile gcc -DHAVE_CONFIG_H -I. -I/home/pi/Desktop/university_of_michigan_stewart_wang_site/.rpi_bundle/ruby/2.3.0/gems/ffi-1.9.16/ext/ffi_c/libffi  -I. -I/home/pi/Desktop/university_of_michigan_stewart_wang_site/.rpi_bundle/ruby/2.3.0/gems/ffi-1.9.16/ext/ffi_c/libffi/include -Iinclude -I/home/pi/Desktop/university_of_michigan_stewart_wang_site/.rpi_bundle/ruby/2.3.0/gems/ffi-1.9.16/ext/ffi_c/libffi/src  -g  -Wall -fexceptions -c -o src/closures.lo /home/pi/Desktop/university_of_michigan_stewart_wang_site/.rpi_bundle/ruby/2.3.0/gems/ffi-1.9.16/ext/ffi_c/libffi/src/closures.c
libtool: compile:  gcc -DHAVE_CONFIG_H -I. -I/home/pi/Desktop/university_of_michigan_stewart_wang_site/.rpi_bundle/ruby/2.3.0/gems/ffi-1.9.16/ext/ffi_c/libffi -I. -I/home/pi/Desktop/university_of_michigan_stewart_wang_site/.rpi_bundle/ruby/2.3.0/gems/ffi-1.9.16/ext/ffi_c/libffi/include -Iinclude -I/home/pi/Desktop/university_of_michigan_stewart_wang_site/.rpi_bundle/ruby/2.3.0/gems/ffi-1.9.16/ext/ffi_c/libffi/src -g -Wall -fexceptions -c /home/pi/Desktop/university_of_michigan_stewart_wang_site/.rpi_bundle/ruby/2.3.0/gems/ffi-1.9.16/ext/ffi_c/libffi/src/closures.c  -fPIC -DPIC -o src/.libs/closures.o
/bin/bash ./libtool   --mode=compile gcc -DHAVE_CONFIG_H -I. -I/home/pi/Desktop/university_of_michigan_stewart_wang_site/.rpi_bundle/ruby/2.3.0/gems/ffi-1.9.16/ext/ffi_c/libffi  -I. -I/home/pi/Desktop/university_of_michigan_stewart_wang_site/.rpi_bundle/ruby/2.3.0/gems/ffi-1.9.16/ext/ffi_c/libffi/include -Iinclude -I/home/pi/Desktop/university_of_michigan_stewart_wang_site/.rpi_bundle/ruby/2.3.0/gems/ffi-1.9.16/ext/ffi_c/libffi/src  -I. -I/home/pi/Desktop/university_of_michigan_stewart_wang_site/.rpi_bundle/ruby/2.3.0/gems/ffi-1.9.16/ext/ffi_c/libffi/include -Iinclude -I/home/pi/Desktop/university_of_michigan_stewart_wang_site/.rpi_bundle/ruby/2.3.0/gems/ffi-1.9.16/ext/ffi_c/libffi/src  -c -o src/arm/sysv.lo /home/pi/Desktop/university_of_michigan_stewart_wang_site/.rpi_bundle/ruby/2.3.0/gems/ffi-1.9.16/ext/ffi_c/libffi/src/arm/sysv.S
libtool: compile:  gcc -DHAVE_CONFIG_H -I. -I/home/pi/Desktop/university_of_michigan_stewart_wang_site/.rpi_bundle/ruby/2.3.0/gems/ffi-1.9.16/ext/ffi_c/libffi -I. -I/home/pi/Desktop/university_of_michigan_stewart_wang_site/.rpi_bundle/ruby/2.3.0/gems/ffi-1.9.16/ext/ffi_c/libffi/include -Iinclude -I/home/pi/Desktop/university_of_michigan_stewart_wang_site/.rpi_bundle/ruby/2.3.0/gems/ffi-1.9.16/ext/ffi_c/libffi/src -I. -I/home/pi/Desktop/university_of_michigan_stewart_wang_site/.rpi_bundle/ruby/2.3.0/gems/ffi-1.9.16/ext/ffi_c/libffi/include -Iinclude -I/home/pi/Desktop/university_of_michigan_stewart_wang_site/.rpi_bundle/ruby/2.3.0/gems/ffi-1.9.16/ext/ffi_c/libffi/src -c /home/pi/Desktop/university_of_michigan_stewart_wang_site/.rpi_bundle/ruby/2.3.0/gems/ffi-1.9.16/ext/ffi_c/libffi/src/arm/sysv.S  -fPIC -DPIC -o src/arm/.libs/sysv.o
/bin/bash ./libtool --tag=CC   --mode=compile gcc -DHAVE_CONFIG_H -I. -I/home/pi/Desktop/university_of_michigan_stewart_wang_site/.rpi_bundle/ruby/2.3.0/gems/ffi-1.9.16/ext/ffi_c/libffi  -I. -I/home/pi/Desktop/university_of_michigan_stewart_wang_site/.rpi_bundle/ruby/2.3.0/gems/ffi-1.9.16/ext/ffi_c/libffi/include -Iinclude -I/home/pi/Desktop/university_of_michigan_stewart_wang_site/.rpi_bundle/ruby/2.3.0/gems/ffi-1.9.16/ext/ffi_c/libffi/src  -g  -Wall -fexceptions -c -o src/arm/ffi.lo /home/pi/Desktop/university_of_michigan_stewart_wang_site/.rpi_bundle/ruby/2.3.0/gems/ffi-1.9.16/ext/ffi_c/libffi/src/arm/ffi.c
libtool: compile:  gcc -DHAVE_CONFIG_H -I. -I/home/pi/Desktop/university_of_michigan_stewart_wang_site/.rpi_bundle/ruby/2.3.0/gems/ffi-1.9.16/ext/ffi_c/libffi -I. -I/home/pi/Desktop/university_of_michigan_stewart_wang_site/.rpi_bundle/ruby/2.3.0/gems/ffi-1.9.16/ext/ffi_c/libffi/include -Iinclude -I/home/pi/Desktop/university_of_michigan_stewart_wang_site/.rpi_bundle/ruby/2.3.0/gems/ffi-1.9.16/ext/ffi_c/libffi/src -g -Wall -fexceptions -c /home/pi/Desktop/university_of_michigan_stewart_wang_site/.rpi_bundle/ruby/2.3.0/gems/ffi-1.9.16/ext/ffi_c/libffi/src/arm/ffi.c  -fPIC -DPIC -o src/arm/.libs/ffi.o
/bin/bash ./libtool --tag=CC   --mode=link gcc -g  -Wall -fexceptions -version-info `grep -v '^#' /home/pi/Desktop/university_of_michigan_stewart_wang_site/.rpi_bundle/ruby/2.3.0/gems/ffi-1.9.16/ext/ffi_c/libffi/libtool-version`    -o libffi.la -rpath /usr/local/lib src/debug.lo src/prep_cif.lo src/types.lo src/raw_api.lo src/java_raw_api.lo src/closures.lo                src/arm/sysv.lo src/arm/ffi.lo            
libtool: link: gcc -shared  -fPIC -DPIC  src/.libs/debug.o src/.libs/prep_cif.o src/.libs/types.o src/.libs/raw_api.o src/.libs/java_raw_api.o src/.libs/closures.o src/arm/.libs/sysv.o src/arm/.libs/ffi.o      -Wl,-soname -Wl,libffi.so.5 -o .libs/libffi.so.5.0.10
libtool: link: (cd ".libs" && rm -f "libffi.so.5" && ln -s "libffi.so.5.0.10" "libffi.so.5")
libtool: link: (cd ".libs" && rm -f "libffi.so" && ln -s "libffi.so.5.0.10" "libffi.so")
libtool: link: ( cd ".libs" && rm -f "libffi.la" && ln -s "../libffi.la" "libffi.la" )
/bin/bash ./libtool --tag=CC   --mode=link gcc -g  -Wall -fexceptions   -o libffi_convenience.la  src/debug.lo src/prep_cif.lo src/types.lo src/raw_api.lo src/java_raw_api.lo src/closures.lo                src/arm/sysv.lo src/arm/ffi.lo            
libtool: link: rm -fr  .libs/libffi_convenience.a(D)
libtool: link: ar cru .libs/libffi_convenience.a src/.libs/debug.o src/.libs/prep_cif.o src/.libs/types.o src/.libs/raw_api.o src/.libs/java_raw_api.o src/.libs/closures.o src/arm/.libs/sysv.o src/arm/.libs/ffi.o 
ar: `u' modifier ignored since `D' is the default (see `U')
libtool: link: ranlib .libs/libffi_convenience.a
libtool: link: ( cd ".libs" && rm -f "libffi_convenience.la" && ln -s "../libffi_convenience.la" "libffi_convenience.la" )
make[3]: Leaving directory '/home/pi/Desktop/university_of_michigan_stewart_wang_site/.rpi_bundle/ruby/2.3.0/gems/ffi-1.9.16/ext/ffi_c/libffi-arm-linux-gnueabihf'
make[2]: Leaving directory '/home/pi/Desktop/university_of_michigan_stewart_wang_site/.rpi_bundle/ruby/2.3.0/gems/ffi-1.9.16/ext/ffi_c/libffi-arm-linux-gnueabihf'
make[1]: Leaving directory '/home/pi/Desktop/university_of_michigan_stewart_wang_site/.rpi_bundle/ruby/2.3.0/gems/ffi-1.9.16/ext/ffi_c/libffi-arm-linux-gnueabihf'
compiling AbstractMemory.c
compiling ArrayType.c
compiling Buffer.c
compiling Call.c
In file included from Call.h:36:0,
                 from Function.h:48,
                 from Call.c:57:
Call.c: In function ‘rbffi_do_blocking_call’:
Thread.h:78:39: warning: implicit declaration of function ‘rb_thread_call_without_gvl’ [-Wimplicit-function-declaration]
 # define rbffi_thread_blocking_region rb_thread_call_without_gvl
                                       ^
Call.c:355:5: note: in expansion of macro ‘rbffi_thread_blocking_region’
     rbffi_thread_blocking_region(call_blocking_function, data, (void *) -1, NULL);
     ^~~~~~~~~~~~~~~~~~~~~~~~~~~~
compiling ClosurePool.c
compiling DataConverter.c
compiling DynamicLibrary.c
compiling Function.c
Function.c: In function ‘async_cb_event’:
Function.c:563:9: warning: implicit declaration of function ‘rb_thread_call_without_gvl’ [-Wimplicit-function-declaration]
         rb_thread_call_without_gvl(async_cb_wait, &w, async_cb_stop, &w);
         ^~~~~~~~~~~~~~~~~~~~~~~~~~
compiling FunctionInfo.c
compiling LastError.c
compiling LongDouble.c
compiling MappedType.c
compiling MemoryPointer.c
compiling MethodHandle.c
compiling Platform.c
compiling Pointer.c
compiling Struct.c
compiling StructByReference.c
compiling StructByValue.c
compiling StructLayout.c
compiling Thread.c
compiling Type.c
compiling Types.c
compiling Variadic.c
compiling ffi.c
linking shared-object ffi_c.so

current directory: /home/pi/Desktop/university_of_michigan_stewart_wang_site/.rpi_bundle/ruby/2.3.0/gems/ffi-1.9.16/ext/ffi_c
make "DESTDIR=" install
make -C "/home/pi/Desktop/university_of_michigan_stewart_wang_site/.rpi_bundle/ruby/2.3.0/gems/ffi-1.9.16/ext/ffi_c/libffi-arm-linux-gnueabihf"
make[1]: Entering directory '/home/pi/Desktop/university_of_michigan_stewart_wang_site/.rpi_bundle/ruby/2.3.0/gems/ffi-1.9.16/ext/ffi_c/libffi-arm-linux-gnueabihf'
make "AR_FLAGS=" "CC_FOR_BUILD=" "CFLAGS=-Wall -fexceptions" "CXXFLAGS=" "CFLAGS_FOR_BUILD=" "CFLAGS_FOR_TARGET=" "INSTALL=/usr/bin/install -c" "INSTALL_DATA=/usr/bin/install -c -m 644" "INSTALL_PROGRAM=/usr/bin/install -c" "INSTALL_SCRIPT=/usr/bin/install -c" "JC1FLAGS=" "LDFLAGS=" "LIBCFLAGS=" "LIBCFLAGS_FOR_TARGET=" "MAKE=make" "MAKEINFO=/bin/bash /home/pi/Desktop/university_of_michigan_stewart_wang_site/.rpi_bundle/ruby/2.3.0/gems/ffi-1.9.16/ext/ffi_c/libffi/missing --run makeinfo " "PICFLAG=" "PICFLAG_FOR_TARGET=" "RUNTESTFLAGS=" "SHELL=/bin/bash" "exec_prefix=/usr/local" "infodir=/usr/local/share/info" "libdir=/usr/local/lib" "mandir=/usr/local/share/man" "prefix=/usr/local" "AR=ar" "AS=as" "CC=gcc" "CXX=g++" "LD=/usr/bin/ld" "NM=/usr/bin/nm -B" "RANLIB=ranlib" "DESTDIR=" all-recursive
make[2]: Entering directory '/home/pi/Desktop/university_of_michigan_stewart_wang_site/.rpi_bundle/ruby/2.3.0/gems/ffi-1.9.16/ext/ffi_c/libffi-arm-linux-gnueabihf'
Making all in include
make[3]: Entering directory '/home/pi/Desktop/university_of_michigan_stewart_wang_site/.rpi_bundle/ruby/2.3.0/gems/ffi-1.9.16/ext/ffi_c/libffi-arm-linux-gnueabihf/include'
make[3]: Nothing to be done for 'all'.
make[3]: Leaving directory '/home/pi/Desktop/university_of_michigan_stewart_wang_site/.rpi_bundle/ruby/2.3.0/gems/ffi-1.9.16/ext/ffi_c/libffi-arm-linux-gnueabihf/include'
Making all in testsuite
make[3]: Entering directory '/home/pi/Desktop/university_of_michigan_stewart_wang_site/.rpi_bundle/ruby/2.3.0/gems/ffi-1.9.16/ext/ffi_c/libffi-arm-linux-gnueabihf/testsuite'
make[3]: Nothing to be done for 'all'.
make[3]: Leaving directory '/home/pi/Desktop/university_of_michigan_stewart_wang_site/.rpi_bundle/ruby/2.3.0/gems/ffi-1.9.16/ext/ffi_c/libffi-arm-linux-gnueabihf/testsuite'
Making all in man
make[3]: Entering directory '/home/pi/Desktop/university_of_michigan_stewart_wang_site/.rpi_bundle/ruby/2.3.0/gems/ffi-1.9.16/ext/ffi_c/libffi-arm-linux-gnueabihf/man'
make[3]: Nothing to be done for 'all'.
make[3]: Leaving directory '/home/pi/Desktop/university_of_michigan_stewart_wang_site/.rpi_bundle/ruby/2.3.0/gems/ffi-1.9.16/ext/ffi_c/libffi-arm-linux-gnueabihf/man'
make[3]: Entering directory '/home/pi/Desktop/university_of_michigan_stewart_wang_site/.rpi_bundle/ruby/2.3.0/gems/ffi-1.9.16/ext/ffi_c/libffi-arm-linux-gnueabihf'
make[3]: Leaving directory '/home/pi/Desktop/university_of_michigan_stewart_wang_site/.rpi_bundle/ruby/2.3.0/gems/ffi-1.9.16/ext/ffi_c/libffi-arm-linux-gnueabihf'
make[2]: Leaving directory '/home/pi/Desktop/university_of_michigan_stewart_wang_site/.rpi_bundle/ruby/2.3.0/gems/ffi-1.9.16/ext/ffi_c/libffi-arm-linux-gnueabihf'
make[1]: Leaving directory '/home/pi/Desktop/university_of_michigan_stewart_wang_site/.rpi_bundle/ruby/2.3.0/gems/ffi-1.9.16/ext/ffi_c/libffi-arm-linux-gnueabihf'
compiling AbstractMemory.c
compiling ArrayType.c
compiling Buffer.c
compiling Call.c
In file included from Call.h:36:0,
                 from Function.h:48,
                 from Call.c:57:
Call.c: In function ‘rbffi_do_blocking_call’:
Thread.h:78:39: warning: implicit declaration of function ‘rb_thread_call_without_gvl’ [-Wimplicit-function-declaration]
 # define rbffi_thread_blocking_region rb_thread_call_without_gvl
                                       ^
Call.c:355:5: note: in expansion of macro ‘rbffi_thread_blocking_region’
     rbffi_thread_blocking_region(call_blocking_function, data, (void *) -1, NULL);
     ^~~~~~~~~~~~~~~~~~~~~~~~~~~~
compiling ClosurePool.c
compiling DataConverter.c
compiling DynamicLibrary.c
compiling Function.c
Function.c: In function ‘async_cb_event’:
Function.c:563:9: warning: implicit declaration of function ‘rb_thread_call_without_gvl’ [-Wimplicit-function-declaration]
         rb_thread_call_without_gvl(async_cb_wait, &w, async_cb_stop, &w);
         ^~~~~~~~~~~~~~~~~~~~~~~~~~
compiling FunctionInfo.c
compiling LastError.c
compiling LongDouble.c
compiling MappedType.c
compiling MemoryPointer.c
compiling MethodHandle.c
compiling Platform.c
compiling Pointer.c
compiling Struct.c
compiling StructByReference.c
compiling StructByValue.c
compiling StructLayout.c
compiling Thread.c
compiling Type.c
compiling Types.c
compiling Variadic.c
compiling ffi.c
linking shared-object ffi_c.so
/usr/bin/install -c -m 0755 ffi_c.so ./.gem.20170929-27230-8xb8rp
